2025-03-18T00:20:59.925+05:30  INFO 3004 --- [Address] [restartedMain] c.r.A.Address.AddressApplication         : Starting AddressApplication using Java 23.0.1 with PID 3004 (E:\SpringBoot\Address\target\classes started by rashi in E:\SpringBoot\Address)
2025-03-18T00:20:59.930+05:30 DEBUG 3004 --- [Address] [restartedMain] c.r.A.Address.AddressApplication         : Running with Spring Boot v3.4.3, Spring v6.2.3
2025-03-18T00:20:59.931+05:30  INFO 3004 --- [Address] [restartedMain] c.r.A.Address.AddressApplication         : The following 1 profile is active: "dev"
2025-03-18T00:21:05.223+05:30  WARN 3004 --- [Address] [restartedMain] JpaBaseConfiguration$JpaWebConfiguration : spring.jpa.open-in-view is enabled by default. Therefore, database queries may be performed during view rendering. Explicitly configure spring.jpa.open-in-view to disable this warning
2025-03-18T00:21:05.262+05:30  WARN 3004 --- [Address] [restartedMain] .s.s.UserDetailsServiceAutoConfiguration : 

Using generated security password: 3aef4075-e901-4142-a700-a43ee2f2e194

This generated password is for development use only. Your security configuration must be updated before running your application in production.

2025-03-18T00:21:06.335+05:30  INFO 3004 --- [Address] [restartedMain] c.r.A.Address.AddressApplication         : Started AddressApplication in 6.98 seconds (process running for 7.724)
2025-03-18T00:21:06.342+05:30  INFO 3004 --- [Address] [restartedMain] c.r.A.Address.AddressApplication         : Address Book App Started in dev environment
2025-03-18T00:24:00.411+05:30  INFO 5888 --- [Address] [restartedMain] c.r.A.Address.AddressApplication         : Starting AddressApplication using Java 23.0.1 with PID 5888 (E:\SpringBoot\Address\target\classes started by rashi in E:\SpringBoot\Address)
2025-03-18T00:24:00.413+05:30 DEBUG 5888 --- [Address] [restartedMain] c.r.A.Address.AddressApplication         : Running with Spring Boot v3.4.3, Spring v6.2.3
2025-03-18T00:24:00.413+05:30  INFO 5888 --- [Address] [restartedMain] c.r.A.Address.AddressApplication         : The following 1 profile is active: "dev"
2025-03-18T00:24:05.877+05:30  WARN 5888 --- [Address] [restartedMain] JpaBaseConfiguration$JpaWebConfiguration : spring.jpa.open-in-view is enabled by default. Therefore, database queries may be performed during view rendering. Explicitly configure spring.jpa.open-in-view to disable this warning
2025-03-18T00:24:05.913+05:30  WARN 5888 --- [Address] [restartedMain] .s.s.UserDetailsServiceAutoConfiguration : 

Using generated security password: 6a66b82f-3d55-4a5a-9c53-0aa3d325291e

This generated password is for development use only. Your security configuration must be updated before running your application in production.

2025-03-18T00:24:06.936+05:30  INFO 5888 --- [Address] [restartedMain] c.r.A.Address.AddressApplication         : Started AddressApplication in 7.038 seconds (process running for 7.616)
2025-03-18T00:24:06.938+05:30  INFO 5888 --- [Address] [restartedMain] c.r.A.Address.AddressApplication         : Address Book App Started in dev environment
2025-03-18T00:25:16.985+05:30  INFO 13188 --- [Address] [restartedMain] c.r.A.Address.AddressApplication         : Starting AddressApplication using Java 23.0.1 with PID 13188 (E:\SpringBoot\Address\target\classes started by rashi in E:\SpringBoot\Address)
2025-03-18T00:25:16.988+05:30 DEBUG 13188 --- [Address] [restartedMain] c.r.A.Address.AddressApplication         : Running with Spring Boot v3.4.3, Spring v6.2.3
2025-03-18T00:25:16.991+05:30  INFO 13188 --- [Address] [restartedMain] c.r.A.Address.AddressApplication         : The following 1 profile is active: "dev"
2025-03-18T00:25:21.497+05:30  WARN 13188 --- [Address] [restartedMain] JpaBaseConfiguration$JpaWebConfiguration : spring.jpa.open-in-view is enabled by default. Therefore, database queries may be performed during view rendering. Explicitly configure spring.jpa.open-in-view to disable this warning
2025-03-18T00:25:21.539+05:30  WARN 13188 --- [Address] [restartedMain] .s.s.UserDetailsServiceAutoConfiguration : 

Using generated security password: 15eedd6f-3610-429b-adfc-492a99876105

This generated password is for development use only. Your security configuration must be updated before running your application in production.

2025-03-18T00:25:22.447+05:30  INFO 13188 --- [Address] [restartedMain] c.r.A.Address.AddressApplication         : Started AddressApplication in 5.989 seconds (process running for 6.524)
2025-03-18T00:25:22.454+05:30  INFO 13188 --- [Address] [restartedMain] c.r.A.Address.AddressApplication         : Address Book App Started in dev environment
2025-03-18T00:25:43.653+05:30  INFO 15120 --- [Address] [restartedMain] c.r.A.Address.AddressApplication         : Starting AddressApplication using Java 23.0.1 with PID 15120 (E:\SpringBoot\Address\target\classes started by rashi in E:\SpringBoot\Address)
2025-03-18T00:25:43.655+05:30 DEBUG 15120 --- [Address] [restartedMain] c.r.A.Address.AddressApplication         : Running with Spring Boot v3.4.3, Spring v6.2.3
2025-03-18T00:25:43.656+05:30  INFO 15120 --- [Address] [restartedMain] c.r.A.Address.AddressApplication         : The following 1 profile is active: "dev"
2025-03-18T00:25:48.851+05:30  WARN 15120 --- [Address] [restartedMain] JpaBaseConfiguration$JpaWebConfiguration : spring.jpa.open-in-view is enabled by default. Therefore, database queries may be performed during view rendering. Explicitly configure spring.jpa.open-in-view to disable this warning
2025-03-18T00:25:48.896+05:30  WARN 15120 --- [Address] [restartedMain] .s.s.UserDetailsServiceAutoConfiguration : 

Using generated security password: bdaecb58-788d-45d9-ba7c-8f4f62734519

This generated password is for development use only. Your security configuration must be updated before running your application in production.

2025-03-18T00:25:49.954+05:30  INFO 15120 --- [Address] [restartedMain] c.r.A.Address.AddressApplication         : Started AddressApplication in 6.817 seconds (process running for 7.359)
2025-03-18T00:25:49.959+05:30  INFO 15120 --- [Address] [restartedMain] c.r.A.Address.AddressApplication         : Address Book App Started in dev environment
2025-03-18T00:48:00.458+05:30  INFO 17940 --- [Address] [restartedMain] c.r.A.Address.AddressApplication         : Starting AddressApplication using Java 23.0.1 with PID 17940 (E:\SpringBoot\Address\target\classes started by rashi in E:\SpringBoot\Address)
2025-03-18T00:48:00.461+05:30 DEBUG 17940 --- [Address] [restartedMain] c.r.A.Address.AddressApplication         : Running with Spring Boot v3.4.3, Spring v6.2.3
2025-03-18T00:48:00.462+05:30  INFO 17940 --- [Address] [restartedMain] c.r.A.Address.AddressApplication         : The following 1 profile is active: "dev"
2025-03-18T00:48:05.841+05:30  WARN 17940 --- [Address] [restartedMain] JpaBaseConfiguration$JpaWebConfiguration : spring.jpa.open-in-view is enabled by default. Therefore, database queries may be performed during view rendering. Explicitly configure spring.jpa.open-in-view to disable this warning
2025-03-18T00:48:05.879+05:30  WARN 17940 --- [Address] [restartedMain] .s.s.UserDetailsServiceAutoConfiguration : 

Using generated security password: 78ddf409-91dc-46a4-9f30-c50053e1b314

This generated password is for development use only. Your security configuration must be updated before running your application in production.

2025-03-18T00:48:06.881+05:30  INFO 17940 --- [Address] [restartedMain] c.r.A.Address.AddressApplication         : Started AddressApplication in 7.009 seconds (process running for 7.62)
2025-03-18T00:48:06.886+05:30  INFO 17940 --- [Address] [restartedMain] c.r.A.Address.AddressApplication         : Address Book App Started in dev environment
2025-03-18T00:51:44.700+05:30  INFO 11924 --- [Address] [restartedMain] c.r.A.Address.AddressApplication         : Starting AddressApplication using Java 23.0.1 with PID 11924 (E:\SpringBoot\Address\target\classes started by rashi in E:\SpringBoot\Address)
2025-03-18T00:51:44.704+05:30 DEBUG 11924 --- [Address] [restartedMain] c.r.A.Address.AddressApplication         : Running with Spring Boot v3.4.3, Spring v6.2.3
2025-03-18T00:51:44.706+05:30  INFO 11924 --- [Address] [restartedMain] c.r.A.Address.AddressApplication         : The following 1 profile is active: "dev"
2025-03-18T00:51:49.270+05:30  WARN 11924 --- [Address] [restartedMain] JpaBaseConfiguration$JpaWebConfiguration : spring.jpa.open-in-view is enabled by default. Therefore, database queries may be performed during view rendering. Explicitly configure spring.jpa.open-in-view to disable this warning
2025-03-18T00:51:49.315+05:30  WARN 11924 --- [Address] [restartedMain] .s.s.UserDetailsServiceAutoConfiguration : 

Using generated security password: 95d61af6-49ad-4683-b6d2-20828a64a353

This generated password is for development use only. Your security configuration must be updated before running your application in production.

2025-03-18T00:51:50.248+05:30  INFO 11924 --- [Address] [restartedMain] c.r.A.Address.AddressApplication         : Started AddressApplication in 6.038 seconds (process running for 6.553)
2025-03-18T00:51:50.252+05:30  INFO 11924 --- [Address] [restartedMain] c.r.A.Address.AddressApplication         : Address Book App Started in dev environment
